<?xml version="1.0" encoding="UTF-8"?>
<!-- Generated by org.testng.reporters.JUnitReportReporter -->
<testsuite hostname="Rania-LAP" failures="0" tests="1" name="tests.LoginTest" time="9.789" errors="0" timestamp="2020-06-25T13:02:41 EET" skipped="0">
  <testcase classname="tests.LoginTest" name="UserLogin" time="9.789"/>
  <system-out/>
</testsuite> <!-- tests.LoginTest -->
