<?xml version="1.0" encoding="UTF-8"?>
<!-- Generated by org.testng.reporters.JUnitReportReporter -->
<testsuite hostname="Rania-LAP" failures="0" tests="3" name="tests.RegisterTest" time="19.820" errors="0" timestamp="2020-06-25T12:50:43 EET" skipped="0">
  <testcase classname="tests.RegisterTest" name="MakeRegister" time="5.652"/>
  <system-out/>
  <testcase classname="tests.RegisterTest" name="NegativeCaseArabicLang" time="4.909"/>
  <system-out/>
  <testcase classname="tests.RegisterTest" name="NegativeCaseEnglishLang" time="9.259"/>
  <system-out/>
</testsuite> <!-- tests.RegisterTest -->
