<?xml version="1.0" encoding="UTF-8"?>
<!-- Generated by org.testng.reporters.JUnitReportReporter -->
<testsuite hostname="Rania-LAP" failures="0" tests="3" name="tests.RegisterTest" time="22.554" errors="0" timestamp="2020-06-25T16:45:32 EET" skipped="0">
  <testcase classname="tests.RegisterTest" name="MakeRegister" time="4.585"/>
  <system-out/>
  <testcase classname="tests.RegisterTest" name="NegativeCaseArabicLang" time="8.028"/>
  <system-out/>
  <testcase classname="tests.RegisterTest" name="NegativeCaseEnglishLang" time="9.941"/>
  <system-out/>
</testsuite> <!-- tests.RegisterTest -->
